[INFO] Disabling enhanced local repository: using legacy is strongly discouraged to ensure build reproducibility.
[INFO] Scanning for projects...
[INFO] 
[INFO] -----------------< org.example.brk.job:initial_import >-----------------
[INFO] Building BRK initial_import-0.1.0 (0.1,Job Designs) 0.1.0
[INFO] --------------------------------[ jar ]---------------------------------
[WARNING] The POM for commons-collections:commons-collections:jar:3.2.2 is missing, no dependency information available
[WARNING] The POM for com.google.auto:auto-common:jar:0.3 is missing, no dependency information available
[WARNING] The POM for com.google.auto.service:auto-service:jar:1.0-rc2 is missing, no dependency information available
[WARNING] The POM for org.apache.calcite.avatica:avatica-core:jar:1.11.0 is missing, no dependency information available
[WARNING] The POM for org.apache.calcite.avatica:avatica-metrics:jar:1.11.0 is missing, no dependency information available
[WARNING] The POM for org.apache.avro:avro:jar:1.8.1 is missing, no dependency information available
[WARNING] The POM for org.apache.calcite:calcite-core:jar:1.16.0 is missing, no dependency information available
[WARNING] The POM for org.apache.calcite:calcite-linq4j:jar:1.16.0 is missing, no dependency information available
[WARNING] The POM for org.codehaus.janino:commons-compiler:jar:2.7.6 is missing, no dependency information available
[WARNING] The POM for org.apache.commons:commons-lang3:jar:3.8.1 is missing, no dependency information available
[WARNING] The POM for commons-logging:commons-logging:jar:1.2 is missing, no dependency information available
[WARNING] The POM for org.talend.components:components-api:jar:0.27.3 is missing, no dependency information available
[WARNING] The POM for org.talend.components:components-common:jar:0.27.3 is missing, no dependency information available
[WARNING] The POM for org.talend.components:components-jdbc-definition:jar:0.27.3 is missing, no dependency information available
[WARNING] The POM for org.talend.components:components-jdbc-runtime:jar:0.27.3 is missing, no dependency information available
[WARNING] The POM for org.talend.daikon:daikon:jar:0.31.7 is missing, no dependency information available
[WARNING] The POM for org.talend.daikon:daikon-exception:jar:0.31.7 is missing, no dependency information available
[WARNING] The POM for com.esri.geometry:esri-geometry-api:jar:2.0.0 is missing, no dependency information available
[WARNING] The POM for com.google.guava:guava:jar:20.0 is missing, no dependency information available
[WARNING] The POM for org.apache.httpcomponents:httpclient:jar:4.5.5 is missing, no dependency information available
[WARNING] The POM for org.apache.httpcomponents:httpcore:jar:4.4.9 is missing, no dependency information available
[WARNING] The POM for com.fasterxml.jackson.core:jackson-annotations:jar:2.9.0 is missing, no dependency information available
[WARNING] The POM for com.fasterxml.jackson.core:jackson-core:jar:2.9.9 is missing, no dependency information available
[WARNING] The POM for org.codehaus.jackson:jackson-core-asl:jar:1.9.14-TALEND is missing, no dependency information available
[WARNING] The POM for com.fasterxml.jackson.core:jackson-databind:jar:2.9.9 is missing, no dependency information available
[WARNING] The POM for org.codehaus.jackson:jackson-mapper-asl:jar:1.9.14-TALEND is missing, no dependency information available
[WARNING] The POM for org.codehaus.janino:janino:jar:2.7.6 is missing, no dependency information available
[WARNING] The POM for net.sourceforge.javacsv:javacsv:jar:2.0 is missing, no dependency information available
[WARNING] The POM for joda-time:joda-time:jar:2.8.2 is missing, no dependency information available
[WARNING] The POM for com.cedarsoftware:json-io:jar:4.9.9-TALEND is missing, no dependency information available
[WARNING] The POM for com.googlecode.json-simple:json-simple:jar:1.1.1 is missing, no dependency information available
[WARNING] The POM for com.google.code.findbugs:jsr305:jar:1.3.9 is missing, no dependency information available
[WARNING] The POM for com.yahoo.datasketches:memory:jar:0.9.0 is missing, no dependency information available
[WARNING] The POM for org.ops4j.pax.url:pax-url-aether:jar:2.4.7 is missing, no dependency information available
[WARNING] The POM for com.google.protobuf:protobuf-java:jar:3.3.0 is missing, no dependency information available
[WARNING] The POM for com.yahoo.datasketches:sketches-core:jar:0.9.0 is missing, no dependency information available
[WARNING] The POM for org.slf4j:slf4j-api:jar:1.7.25 is missing, no dependency information available
[WARNING] The POM for org.xerial.snappy:snappy-java:jar:1.1.1.3 is missing, no dependency information available
[INFO] 
[INFO] --- maven-resources-plugin:3.0.2:resources (default-resources) @ initial_import ---
[WARNING] Using platform encoding (UTF-8 actually) to copy filtered resources, i.e. build is platform dependent!
[INFO] Copying 1 resource
[INFO] 
[INFO] --- maven-compiler-plugin:3.6.1:compile (default-compile) @ initial_import ---
[WARNING] The POM for org.eclipse.platform:org.eclipse.osgi:jar:3.13.300 is missing, no dependency information available
[WARNING] The POM for org.apache.commons:commons-exec:jar:1.2 is missing, no dependency information available
[INFO] Not compiling main sources
[INFO] 
[INFO] --- maven-resources-plugin:3.0.2:testResources (default-testResources) @ initial_import ---
[INFO] Not copying test resources
[INFO] 
[INFO] --- maven-compiler-plugin:3.6.1:testCompile (default-testCompile) @ initial_import ---
[INFO] Not compiling test sources
[INFO] 
[INFO] --- maven-surefire-plugin:2.20:test (default-test) @ initial_import ---
[INFO] Tests are skipped.
[INFO] 
[INFO] --- maven-jar-plugin:3.0.2:jar (default-jar) @ initial_import ---
[INFO] Building jar: D:\Tools\Talend7.2.1\TOS_DI-Win32-20190620_1446-V7.2.1\workspace\BRK\poms\jobs\process\initial_import_0.1\target\initial_import_0_1.jar
[INFO] 
[INFO] --- maven-assembly-plugin:3.0.0:single (default) @ initial_import ---
[INFO] Reading assembly descriptor: D:\Tools\Talend7.2.1\TOS_DI-Win32-20190620_1446-V7.2.1\workspace\BRK\poms\jobs\process\initial_import_0.1/src/main/assemblies/assembly.xml
[WARNING] Missing POM for commons-collections:commons-collections:jar:3.2.2
[WARNING] Missing POM for com.google.auto:auto-common:jar:0.3
[WARNING] Missing POM for com.google.auto.service:auto-service:jar:1.0-rc2
[WARNING] Missing POM for org.apache.calcite.avatica:avatica-core:jar:1.11.0
[WARNING] Missing POM for org.apache.calcite.avatica:avatica-metrics:jar:1.11.0
[WARNING] Missing POM for org.apache.avro:avro:jar:1.8.1
[WARNING] Missing POM for org.apache.calcite:calcite-core:jar:1.16.0
[WARNING] Missing POM for org.apache.calcite:calcite-linq4j:jar:1.16.0
[WARNING] Missing POM for org.codehaus.janino:commons-compiler:jar:2.7.6
[WARNING] Missing POM for org.apache.commons:commons-lang3:jar:3.8.1
[WARNING] Missing POM for commons-logging:commons-logging:jar:1.2
[WARNING] Missing POM for org.talend.components:components-api:jar:0.27.3
[WARNING] Missing POM for org.talend.components:components-common:jar:0.27.3
[WARNING] Missing POM for org.talend.components:components-jdbc-definition:jar:0.27.3
[WARNING] Missing POM for org.talend.components:components-jdbc-runtime:jar:0.27.3
[WARNING] Missing POM for org.talend.daikon:daikon:jar:0.31.7
[WARNING] Missing POM for org.talend.daikon:daikon-exception:jar:0.31.7
[WARNING] Missing POM for com.esri.geometry:esri-geometry-api:jar:2.0.0
[WARNING] Missing POM for com.google.guava:guava:jar:20.0
[WARNING] Missing POM for org.apache.httpcomponents:httpclient:jar:4.5.5
[WARNING] Missing POM for org.apache.httpcomponents:httpcore:jar:4.4.9
[WARNING] Missing POM for com.fasterxml.jackson.core:jackson-annotations:jar:2.9.0
[WARNING] Missing POM for com.fasterxml.jackson.core:jackson-core:jar:2.9.9
[WARNING] Missing POM for org.codehaus.jackson:jackson-core-asl:jar:1.9.14-TALEND
[WARNING] Missing POM for com.fasterxml.jackson.core:jackson-databind:jar:2.9.9
[WARNING] Missing POM for org.codehaus.jackson:jackson-mapper-asl:jar:1.9.14-TALEND
[WARNING] Missing POM for org.codehaus.janino:janino:jar:2.7.6
[WARNING] Missing POM for net.sourceforge.javacsv:javacsv:jar:2.0
[WARNING] Missing POM for joda-time:joda-time:jar:2.8.2
[WARNING] Missing POM for com.cedarsoftware:json-io:jar:4.9.9-TALEND
[WARNING] Missing POM for com.googlecode.json-simple:json-simple:jar:1.1.1
[WARNING] Missing POM for com.google.code.findbugs:jsr305:jar:1.3.9
[WARNING] Missing POM for com.yahoo.datasketches:memory:jar:0.9.0
[WARNING] Missing POM for org.ops4j.pax.url:pax-url-aether:jar:2.4.7
[WARNING] Missing POM for com.google.protobuf:protobuf-java:jar:3.3.0
[WARNING] Missing POM for com.yahoo.datasketches:sketches-core:jar:0.9.0
[WARNING] Missing POM for org.slf4j:slf4j-api:jar:1.7.25
[WARNING] Missing POM for org.xerial.snappy:snappy-java:jar:1.1.1.3
[WARNING] The POM for org.apache.felix:maven-bundle-plugin:jar:2.1.0 is missing, no dependency information available
[WARNING] The POM for org.osgi:org.osgi.core:jar:4.1.0 is missing, no dependency information available
[WARNING] The POM for org.codehaus.plexus:plexus-utils:jar:3.0 is missing, no dependency information available
[WARNING] The POM for org.apache.maven:maven-project:jar:2.2.0 is missing, no dependency information available
[WARNING] The POM for org.codehaus.plexus:plexus-utils:jar:1.5.7 is missing, no dependency information available
[WARNING] The POM for org.codehaus.plexus:plexus-container-default:jar:1.0-alpha-30 is missing, no dependency information available
[WARNING] The POM for org.codehaus.plexus:plexus-container-default:jar:1.0-alpha-20 is missing, no dependency information available
[WARNING] The POM for commons-collections:commons-collections:jar:3.1 is missing, no dependency information available
[INFO] Building zip: D:\Tools\Talend7.2.1\TOS_DI-Win32-20190620_1446-V7.2.1\workspace\BRK\poms\jobs\process\initial_import_0.1\target\initial_import_0_1.zip
[INFO] ------------------------------------------------------------------------
[INFO] BUILD SUCCESS
[INFO] ------------------------------------------------------------------------
[INFO] Total time: 9.412 s
[INFO] Finished at: 2020-05-10T14:30:31+02:00
[INFO] ------------------------------------------------------------------------
